Flow report for HLSTM_FIXED
Sun May 12 13:37:44 2024
Quartus Prime Version 20.1.1 Build 720 11/11/2020 SJ Lite Edition


---------------------
; Table of Contents ;
---------------------
  1. Legal Notice
  2. Flow Summary
  3. Flow Settings
  4. Flow Non-Default Global Settings
  5. Flow Elapsed Time
  6. Flow OS Summary
  7. Flow Log
  8. Flow Messages
  9. Flow Suppressed Messages



----------------
; Legal Notice ;
----------------
Copyright (C) 2020  Intel Corporation. All rights reserved.
Your use of Intel Corporation's design tools, logic functions 
and other software and tools, and any partner logic 
functions, and any output files from any of the foregoing 
(including device programming or simulation files), and any 
associated documentation or information are expressly subject 
to the terms and conditions of the Intel Program License 
Subscription Agreement, the Intel Quartus Prime License Agreement,
the Intel FPGA IP License Agreement, or other applicable license
agreement, including, without limitation, that your use is for
the sole purpose of programming logic devices manufactured by
Intel and sold by Intel or its authorized distributors.  Please
refer to the applicable agreement for further details, at
https://fpgasoftware.intel.com/eula.



+----------------------------------------------------------------------------------+
; Flow Summary                                                                     ;
+------------------------------------+---------------------------------------------+
; Flow Status                        ; Successful - Sun May 12 13:37:44 2024       ;
; Quartus Prime Version              ; 20.1.1 Build 720 11/11/2020 SJ Lite Edition ;
; Revision Name                      ; HLSTM_FIXED                                 ;
; Top-level Entity Name              ; LSTM_cell                                   ;
; Family                             ; Cyclone 10 LP                               ;
; Total logic elements               ; 3,490 / 24,624 ( 14 % )                     ;
;     Total combinational functions  ; 3,217 / 24,624 ( 13 % )                     ;
;     Dedicated logic registers      ; 1,026 / 24,624 ( 4 % )                      ;
; Total registers                    ; 1026                                        ;
; Total pins                         ; 37 / 77 ( 48 % )                            ;
; Total virtual pins                 ; 0                                           ;
; Total memory bits                  ; 491,520 / 608,256 ( 81 % )                  ;
; Embedded Multiplier 9-bit elements ; 6 / 132 ( 5 % )                             ;
; Total PLLs                         ; 0 / 4 ( 0 % )                               ;
; Device                             ; 10CL025YE144C6G                             ;
; Timing Models                      ; Final                                       ;
+------------------------------------+---------------------------------------------+


+-----------------------------------------+
; Flow Settings                           ;
+-------------------+---------------------+
; Option            ; Setting             ;
+-------------------+---------------------+
; Start date & time ; 05/12/2024 13:36:48 ;
; Main task         ; Compilation         ;
; Revision Name     ; HLSTM_FIXED         ;
+-------------------+---------------------+


+-----------------------------------------------------------------------------------------------------------------------------------+
; Flow Non-Default Global Settings                                                                                                  ;
+--------------------------------------+----------------------------------------+---------------+-------------+---------------------+
; Assignment Name                      ; Value                                  ; Default Value ; Entity Name ; Section Id          ;
+--------------------------------------+----------------------------------------+---------------+-------------+---------------------+
; COMPILER_SIGNATURE_ID                ; 39908811401609.171551380817616         ; --            ; --          ; --                  ;
; EDA_DESIGN_INSTANCE_NAME             ; NA                                     ; --            ; --          ; mac_pe_tb1          ;
; EDA_DESIGN_INSTANCE_NAME             ; NA                                     ; --            ; --          ; LSTM_test           ;
; EDA_DESIGN_INSTANCE_NAME             ; NA                                     ; --            ; --          ; TestFixedPointAdder ;
; EDA_DESIGN_INSTANCE_NAME             ; NA                                     ; --            ; --          ; mac_pe_tb           ;
; EDA_NATIVELINK_SIMULATION_TEST_BENCH ; LSTM_test                              ; --            ; --          ; eda_simulation      ;
; EDA_OUTPUT_DATA_FORMAT               ; Vhdl                                   ; --            ; --          ; eda_simulation      ;
; EDA_SIMULATION_TOOL                  ; ModelSim-Altera (VHDL)                 ; <None>        ; --          ; --                  ;
; EDA_TEST_BENCH_ENABLE_STATUS         ; TEST_BENCH_MODE                        ; --            ; --          ; eda_simulation      ;
; EDA_TEST_BENCH_FILE                  ; mac_pe_tb.vhd                          ; --            ; --          ; mac_pe_tb1          ;
; EDA_TEST_BENCH_FILE                  ; in_RAM.vhd                             ; --            ; --          ; LSTM_test           ;
; EDA_TEST_BENCH_FILE                  ; nReg.vhd                               ; --            ; --          ; LSTM_test           ;
; EDA_TEST_BENCH_FILE                  ; LSTM_cell.vhd                          ; --            ; --          ; LSTM_test           ;
; EDA_TEST_BENCH_FILE                  ; LSTM_test.vhd                          ; --            ; --          ; LSTM_test           ;
; EDA_TEST_BENCH_FILE                  ; TestFixedPointAdder.vhd                ; --            ; --          ; TestFixedPointAdder ;
; EDA_TEST_BENCH_FILE                  ; mac_pe_tb.vhd                          ; --            ; --          ; mac_pe_tb           ;
; EDA_TEST_BENCH_MODULE_NAME           ; mac_pe_tb                              ; --            ; --          ; mac_pe_tb1          ;
; EDA_TEST_BENCH_MODULE_NAME           ; LSTM_test                              ; --            ; --          ; LSTM_test           ;
; EDA_TEST_BENCH_MODULE_NAME           ; TestFixedPointAdder                    ; --            ; --          ; TestFixedPointAdder ;
; EDA_TEST_BENCH_MODULE_NAME           ; mac_pe_tb                              ; --            ; --          ; mac_pe_tb           ;
; EDA_TEST_BENCH_NAME                  ; LSTM_test                              ; --            ; --          ; eda_simulation      ;
; EDA_TEST_BENCH_NAME                  ; mac_pe_tb                              ; --            ; --          ; eda_simulation      ;
; EDA_TEST_BENCH_NAME                  ; TestFixedPointAdder                    ; --            ; --          ; eda_simulation      ;
; EDA_TEST_BENCH_NAME                  ; mac_pe_tb1                             ; --            ; --          ; eda_simulation      ;
; EDA_TEST_BENCH_RUN_SIM_FOR           ; 1 us                                   ; --            ; --          ; mac_pe_tb1          ;
; EDA_TEST_BENCH_RUN_SIM_FOR           ; 115 us                                 ; --            ; --          ; LSTM_test           ;
; EDA_TEST_BENCH_RUN_SIM_FOR           ; 1 us                                   ; --            ; --          ; TestFixedPointAdder ;
; EDA_TEST_BENCH_RUN_SIM_FOR           ; 1 us                                   ; --            ; --          ; mac_pe_tb           ;
; EDA_TIME_SCALE                       ; 1 ps                                   ; --            ; --          ; eda_simulation      ;
; PARTITION_COLOR                      ; -- (Not supported for targeted family) ; --            ; LSTM_cell   ; Top                 ;
; PARTITION_FITTER_PRESERVATION_LEVEL  ; -- (Not supported for targeted family) ; --            ; LSTM_cell   ; Top                 ;
; PARTITION_NETLIST_TYPE               ; -- (Not supported for targeted family) ; --            ; LSTM_cell   ; Top                 ;
; POWER_BOARD_THERMAL_MODEL            ; None (CONSERVATIVE)                    ; --            ; --          ; --                  ;
; POWER_PRESET_COOLING_SOLUTION        ; 23 MM HEAT SINK WITH 200 LFPM AIRFLOW  ; --            ; --          ; --                  ;
; PROJECT_OUTPUT_DIRECTORY             ; output_files                           ; --            ; --          ; --                  ;
; TOP_LEVEL_ENTITY                     ; LSTM_cell                              ; HLSTM_FIXED   ; --          ; --                  ;
; VHDL_INPUT_VERSION                   ; VHDL_2008                              ; VHDL_1993     ; --          ; --                  ;
; VHDL_SHOW_LMF_MAPPING_MESSAGES       ; Off                                    ; --            ; --          ; --                  ;
+--------------------------------------+----------------------------------------+---------------+-------------+---------------------+


+--------------------------------------------------------------------------------------------------------------------------+
; Flow Elapsed Time                                                                                                        ;
+----------------------+--------------+-------------------------+---------------------+------------------------------------+
; Module Name          ; Elapsed Time ; Average Processors Used ; Peak Virtual Memory ; Total CPU Time (on all processors) ;
+----------------------+--------------+-------------------------+---------------------+------------------------------------+
; Analysis & Synthesis ; 00:00:24     ; 1.0                     ; 4872 MB             ; 00:00:17                           ;
; Fitter               ; 00:00:20     ; 1.3                     ; 5653 MB             ; 00:00:11                           ;
; Assembler            ; 00:00:01     ; 1.0                     ; 4702 MB             ; 00:00:01                           ;
; Timing Analyzer      ; 00:00:03     ; 1.4                     ; 4853 MB             ; 00:00:02                           ;
; EDA Netlist Writer   ; 00:00:02     ; 1.0                     ; 4664 MB             ; 00:00:01                           ;
; Total                ; 00:00:50     ; --                      ; --                  ; 00:00:32                           ;
+----------------------+--------------+-------------------------+---------------------+------------------------------------+


+------------------------------------------------------------------------------------+
; Flow OS Summary                                                                    ;
+----------------------+------------------+------------+------------+----------------+
; Module Name          ; Machine Hostname ; OS Name    ; OS Version ; Processor type ;
+----------------------+------------------+------------+------------+----------------+
; Analysis & Synthesis ; LAPTOP-0EGU0TU7  ; Windows 10 ; 10.0       ; x86_64         ;
; Fitter               ; LAPTOP-0EGU0TU7  ; Windows 10 ; 10.0       ; x86_64         ;
; Assembler            ; LAPTOP-0EGU0TU7  ; Windows 10 ; 10.0       ; x86_64         ;
; Timing Analyzer      ; LAPTOP-0EGU0TU7  ; Windows 10 ; 10.0       ; x86_64         ;
; EDA Netlist Writer   ; LAPTOP-0EGU0TU7  ; Windows 10 ; 10.0       ; x86_64         ;
+----------------------+------------------+------------+------------+----------------+


------------
; Flow Log ;
------------
quartus_map --read_settings_files=on --write_settings_files=off HLSTM_FIXED -c HLSTM_FIXED
quartus_fit --read_settings_files=off --write_settings_files=off HLSTM_FIXED -c HLSTM_FIXED
quartus_asm --read_settings_files=off --write_settings_files=off HLSTM_FIXED -c HLSTM_FIXED
quartus_sta HLSTM_FIXED -c HLSTM_FIXED
quartus_eda --read_settings_files=off --write_settings_files=off HLSTM_FIXED -c HLSTM_FIXED



