Flow report for HLSTM_FIXED
Wed Jun 05 10:12:49 2024
Quartus Prime Version 20.1.1 Build 720 11/11/2020 SJ Lite Edition


---------------------
; Table of Contents ;
---------------------
  1. Legal Notice
  2. Flow Summary
  3. Flow Settings
  4. Flow Non-Default Global Settings
  5. Flow Elapsed Time
  6. Flow OS Summary
  7. Flow Log
  8. Flow Messages
  9. Flow Suppressed Messages



----------------
; Legal Notice ;
----------------
Copyright (C) 2020  Intel Corporation. All rights reserved.
Your use of Intel Corporation's design tools, logic functions 
and other software and tools, and any partner logic 
functions, and any output files from any of the foregoing 
(including device programming or simulation files), and any 
associated documentation or information are expressly subject 
to the terms and conditions of the Intel Program License 
Subscription Agreement, the Intel Quartus Prime License Agreement,
the Intel FPGA IP License Agreement, or other applicable license
agreement, including, without limitation, that your use is for
the sole purpose of programming logic devices manufactured by
Intel and sold by Intel or its authorized distributors.  Please
refer to the applicable agreement for further details, at
https://fpgasoftware.intel.com/eula.



+----------------------------------------------------------------------------------+
; Flow Summary                                                                     ;
+------------------------------------+---------------------------------------------+
; Flow Status                        ; Successful - Wed Jun 05 10:12:49 2024       ;
; Quartus Prime Version              ; 20.1.1 Build 720 11/11/2020 SJ Lite Edition ;
; Revision Name                      ; HLSTM_FIXED                                 ;
; Top-level Entity Name              ; network                                     ;
; Family                             ; Cyclone 10 LP                               ;
; Total logic elements               ; 1,459 / 6,272 ( 23 % )                      ;
;     Total combinational functions  ; 1,283 / 6,272 ( 20 % )                      ;
;     Dedicated logic registers      ; 643 / 6,272 ( 10 % )                        ;
; Total registers                    ; 660                                         ;
; Total pins                         ; 112 / 177 ( 63 % )                          ;
; Total virtual pins                 ; 0                                           ;
; Total memory bits                  ; 8,192 / 276,480 ( 3 % )                     ;
; Embedded Multiplier 9-bit elements ; 8 / 30 ( 27 % )                             ;
; Total PLLs                         ; 0 / 2 ( 0 % )                               ;
; Device                             ; 10CL006YU256C6G                             ;
; Timing Models                      ; Final                                       ;
+------------------------------------+---------------------------------------------+


+-----------------------------------------+
; Flow Settings                           ;
+-------------------+---------------------+
; Option            ; Setting             ;
+-------------------+---------------------+
; Start date & time ; 06/05/2024 10:10:24 ;
; Main task         ; Compilation         ;
; Revision Name     ; HLSTM_FIXED         ;
+-------------------+---------------------+


+------------------------------------------------------------------------------------------------------------------------------------------------------------------------------------------------------+
; Flow Non-Default Global Settings                                                                                                                                                                     ;
+-------------------------------------------------+-----------------------------------------------------------------------------------------------------+---------------+-------------+----------------+
; Assignment Name                                 ; Value                                                                                               ; Default Value ; Entity Name ; Section Id     ;
+-------------------------------------------------+-----------------------------------------------------------------------------------------------------+---------------+-------------+----------------+
; ADV_NETLIST_OPT_SYNTH_WYSIWYG_REMAP             ; On                                                                                                  ; Off           ; --          ; --             ;
; ALLOW_SHIFT_REGISTER_MERGING_ACROSS_HIERARCHIES ; Always                                                                                              ; Auto          ; --          ; --             ;
; AUTO_RAM_RECOGNITION                            ; Off                                                                                                 ; On            ; --          ; --             ;
; AUTO_SHIFT_REGISTER_RECOGNITION                 ; Off                                                                                                 ; Auto          ; --          ; --             ;
; CLOUD_NOTIFY_ENABLE                             ; Off                                                                                                 ; --            ; --          ; --             ;
; CLOUD_NOTIFY_GROUP_ID                           ; dse1                                                                                                ; --            ; --          ; --             ;
; COMPILER_SIGNATURE_ID                           ; 1097638987250.171757502319480                                                                       ; --            ; --          ; --             ;
; CYCLONEII_OPTIMIZATION_TECHNIQUE                ; Area                                                                                                ; Balanced      ; --          ; --             ;
; DSE_SEND_REPORT_PANEL                           ; Flow Elapsed Time                                                                                   ; --            ; --          ; --             ;
; DSE_SEND_REPORT_PANEL                           ; ^Timing Analyzer/Clocks$                                                                            ; --            ; --          ; --             ;
; DSE_SEND_REPORT_PANEL                           ; ^Timing Analyzer/(Slow|Fast)\s.*Model/(Slow|Fast)\s.*Model\sFmax\sSummary$                          ; --            ; --          ; --             ;
; DSE_SEND_REPORT_PANEL                           ; ^Timing Analyzer/(Slow|Fast)\s.*Model/(Slow|Fast)\s.*Model\s(Setup|Hold|Recovery|Removal)\sSummary$ ; --            ; --          ; --             ;
; DSE_SEND_REPORT_PANEL                           ; Fitter/(Resource Section|Place Stage)/Fitter Resource Usage Summary                                 ; --            ; --          ; --             ;
; DSE_SERVER_SEND_REPORTS                         ; On                                                                                                  ; --            ; --          ; --             ;
; DSE_SERVER_URL                                  ; http://localhost:59163                                                                              ; --            ; --          ; --             ;
; DSE_WORKER_ID                                   ; 0                                                                                                   ; --            ; --          ; --             ;
; EDA_DESIGN_INSTANCE_NAME                        ; NA                                                                                                  ; --            ; --          ; test           ;
; EDA_DESIGN_INSTANCE_NAME                        ; NA                                                                                                  ; --            ; --          ; gate_tb        ;
; EDA_DESIGN_INSTANCE_NAME                        ; NA                                                                                                  ; --            ; --          ; LSTM_cell2_tb  ;
; EDA_DESIGN_INSTANCE_NAME                        ; NA                                                                                                  ; --            ; --          ; network_test   ;
; EDA_DESIGN_INSTANCE_NAME                        ; NA                                                                                                  ; --            ; --          ; mac_pe_tb      ;
; EDA_NATIVELINK_SIMULATION_TEST_BENCH            ; network_test                                                                                        ; --            ; --          ; eda_simulation ;
; EDA_OUTPUT_DATA_FORMAT                          ; Vhdl                                                                                                ; --            ; --          ; eda_simulation ;
; EDA_SIMULATION_TOOL                             ; ModelSim-Altera (VHDL)                                                                              ; <None>        ; --          ; --             ;
; EDA_TEST_BENCH_ENABLE_STATUS                    ; TEST_BENCH_MODE                                                                                     ; --            ; --          ; eda_simulation ;
; EDA_TEST_BENCH_FILE                             ; src/nReg.vhd                                                                                        ; --            ; --          ; test           ;
; EDA_TEST_BENCH_FILE                             ; src/in_RAM.vhd                                                                                      ; --            ; --          ; test           ;
; EDA_TEST_BENCH_FILE                             ; src/tb/LSTM_test.vhd                                                                                ; --            ; --          ; test           ;
; EDA_TEST_BENCH_FILE                             ; src/LUT.vhd                                                                                         ; --            ; --          ; gate_tb        ;
; EDA_TEST_BENCH_FILE                             ; src/tb/LSTM_gate_tb.vhd                                                                             ; --            ; --          ; gate_tb        ;
; EDA_TEST_BENCH_FILE                             ; src/lut.vhd                                                                                         ; --            ; --          ; LSTM_cell2_tb  ;
; EDA_TEST_BENCH_FILE                             ; src/tb/LSTM_cell2_tb.vhd                                                                            ; --            ; --          ; LSTM_cell2_tb  ;
; EDA_TEST_BENCH_FILE                             ; src/mytypes.vhd                                                                                     ; --            ; --          ; network_test   ;
; EDA_TEST_BENCH_FILE                             ; src/in_RAM.vhd                                                                                      ; --            ; --          ; network_test   ;
; EDA_TEST_BENCH_FILE                             ; src/wb_RAM.vhd                                                                                      ; --            ; --          ; network_test   ;
; EDA_TEST_BENCH_FILE                             ; src/nReg.vhd                                                                                        ; --            ; --          ; network_test   ;
; EDA_TEST_BENCH_FILE                             ; src/tb/network_test.vhd                                                                             ; --            ; --          ; network_test   ;
; EDA_TEST_BENCH_FILE                             ; src/tb/mac_pe_tb.vhd                                                                                ; --            ; --          ; mac_pe_tb      ;
; EDA_TEST_BENCH_MODULE_NAME                      ; LSTM_test                                                                                           ; --            ; --          ; test           ;
; EDA_TEST_BENCH_MODULE_NAME                      ; LSTM_gate_tb                                                                                        ; --            ; --          ; gate_tb        ;
; EDA_TEST_BENCH_MODULE_NAME                      ; LSTM_cell2_tb                                                                                       ; --            ; --          ; LSTM_cell2_tb  ;
; EDA_TEST_BENCH_MODULE_NAME                      ; network_test                                                                                        ; --            ; --          ; network_test   ;
; EDA_TEST_BENCH_MODULE_NAME                      ; mac_pe_tb                                                                                           ; --            ; --          ; mac_pe_tb      ;
; EDA_TEST_BENCH_NAME                             ; test                                                                                                ; --            ; --          ; eda_simulation ;
; EDA_TEST_BENCH_NAME                             ; gate_tb                                                                                             ; --            ; --          ; eda_simulation ;
; EDA_TEST_BENCH_NAME                             ; mac_pe_tb                                                                                           ; --            ; --          ; eda_simulation ;
; EDA_TEST_BENCH_NAME                             ; network_test                                                                                        ; --            ; --          ; eda_simulation ;
; EDA_TEST_BENCH_NAME                             ; LSTM_cell2_tb                                                                                       ; --            ; --          ; eda_simulation ;
; EDA_TEST_BENCH_RUN_SIM_FOR                      ; 500 ns                                                                                              ; --            ; --          ; test           ;
; EDA_TEST_BENCH_RUN_SIM_FOR                      ; 1 us                                                                                                ; --            ; --          ; gate_tb        ;
; EDA_TEST_BENCH_RUN_SIM_FOR                      ; 500 ns                                                                                              ; --            ; --          ; LSTM_cell2_tb  ;
; EDA_TEST_BENCH_RUN_SIM_FOR                      ; 500 us                                                                                              ; --            ; --          ; network_test   ;
; EDA_TEST_BENCH_RUN_SIM_FOR                      ; 100 ns                                                                                              ; --            ; --          ; mac_pe_tb      ;
; EDA_TIME_SCALE                                  ; 1 ps                                                                                                ; --            ; --          ; eda_simulation ;
; FITTER_EFFORT                                   ; Standard Fit                                                                                        ; Auto Fit      ; --          ; --             ;
; PARTITION_COLOR                                 ; -- (Not supported for targeted family)                                                              ; --            ; network     ; Top            ;
; PARTITION_FITTER_PRESERVATION_LEVEL             ; -- (Not supported for targeted family)                                                              ; --            ; network     ; Top            ;
; PARTITION_NETLIST_TYPE                          ; -- (Not supported for targeted family)                                                              ; --            ; network     ; Top            ;
; POWER_BOARD_THERMAL_MODEL                       ; None (CONSERVATIVE)                                                                                 ; --            ; --          ; --             ;
; POWER_PRESET_COOLING_SOLUTION                   ; 23 MM HEAT SINK WITH 200 LFPM AIRFLOW                                                               ; --            ; --          ; --             ;
; PROJECT_OUTPUT_DIRECTORY                        ; output_files                                                                                        ; --            ; --          ; --             ;
; ROUTER_CLOCKING_TOPOLOGY_ANALYSIS               ; On                                                                                                  ; Off           ; --          ; --             ;
; SMART_RECOMPILE                                 ; On                                                                                                  ; Off           ; --          ; --             ;
; TOP_LEVEL_ENTITY                                ; network                                                                                             ; HLSTM_FIXED   ; --          ; --             ;
; VHDL_INPUT_VERSION                              ; VHDL_2008                                                                                           ; VHDL_1993     ; --          ; --             ;
; VHDL_SHOW_LMF_MAPPING_MESSAGES                  ; Off                                                                                                 ; --            ; --          ; --             ;
+-------------------------------------------------+-----------------------------------------------------------------------------------------------------+---------------+-------------+----------------+


+--------------------------------------------------------------------------------------------------------------------------+
; Flow Elapsed Time                                                                                                        ;
+----------------------+--------------+-------------------------+---------------------+------------------------------------+
; Module Name          ; Elapsed Time ; Average Processors Used ; Peak Virtual Memory ; Total CPU Time (on all processors) ;
+----------------------+--------------+-------------------------+---------------------+------------------------------------+
; Analysis & Synthesis ; 00:00:51     ; 1.0                     ; 4865 MB             ; 00:00:53                           ;
; Fitter               ; 00:01:05     ; 1.2                     ; 5466 MB             ; 00:00:50                           ;
; Assembler            ; 00:00:03     ; 1.0                     ; 4685 MB             ; 00:00:01                           ;
; Timing Analyzer      ; 00:00:09     ; 1.3                     ; 4793 MB             ; 00:00:05                           ;
; EDA Netlist Writer   ; 00:00:03     ; 1.0                     ; 4650 MB             ; 00:00:02                           ;
; Total                ; 00:02:11     ; --                      ; --                  ; 00:01:51                           ;
+----------------------+--------------+-------------------------+---------------------+------------------------------------+


+------------------------------------------------------------------------------------+
; Flow OS Summary                                                                    ;
+----------------------+------------------+------------+------------+----------------+
; Module Name          ; Machine Hostname ; OS Name    ; OS Version ; Processor type ;
+----------------------+------------------+------------+------------+----------------+
; Analysis & Synthesis ; LAPTOP-OPG22R0F  ; Windows 10 ; 10.0       ; x86_64         ;
; Fitter               ; LAPTOP-OPG22R0F  ; Windows 10 ; 10.0       ; x86_64         ;
; Assembler            ; LAPTOP-OPG22R0F  ; Windows 10 ; 10.0       ; x86_64         ;
; Timing Analyzer      ; LAPTOP-OPG22R0F  ; Windows 10 ; 10.0       ; x86_64         ;
; EDA Netlist Writer   ; LAPTOP-OPG22R0F  ; Windows 10 ; 10.0       ; x86_64         ;
+----------------------+------------------+------------+------------+----------------+


------------
; Flow Log ;
------------
quartus_map --read_settings_files=off --write_settings_files=off HLSTM_FIXED -c HLSTM_FIXED
quartus_fit --read_settings_files=off --write_settings_files=off HLSTM_FIXED -c HLSTM_FIXED
quartus_asm --read_settings_files=off --write_settings_files=off HLSTM_FIXED -c HLSTM_FIXED
quartus_sta HLSTM_FIXED -c HLSTM_FIXED
quartus_eda --read_settings_files=off --write_settings_files=off HLSTM_FIXED -c HLSTM_FIXED



