Flow report for LSTM_network
Mon Jun 03 15:56:36 2024
Quartus Prime Version 20.1.1 Build 720 11/11/2020 SJ Lite Edition


---------------------
; Table of Contents ;
---------------------
  1. Legal Notice
  2. Flow Summary
  3. Flow Settings
  4. Flow Non-Default Global Settings
  5. Flow Elapsed Time
  6. Flow OS Summary
  7. Flow Log
  8. Flow Messages
  9. Flow Suppressed Messages



----------------
; Legal Notice ;
----------------
Copyright (C) 2020  Intel Corporation. All rights reserved.
Your use of Intel Corporation's design tools, logic functions 
and other software and tools, and any partner logic 
functions, and any output files from any of the foregoing 
(including device programming or simulation files), and any 
associated documentation or information are expressly subject 
to the terms and conditions of the Intel Program License 
Subscription Agreement, the Intel Quartus Prime License Agreement,
the Intel FPGA IP License Agreement, or other applicable license
agreement, including, without limitation, that your use is for
the sole purpose of programming logic devices manufactured by
Intel and sold by Intel or its authorized distributors.  Please
refer to the applicable agreement for further details, at
https://fpgasoftware.intel.com/eula.



+----------------------------------------------------------------------------------+
; Flow Summary                                                                     ;
+------------------------------------+---------------------------------------------+
; Flow Status                        ; Successful - Mon Jun 03 15:56:36 2024       ;
; Quartus Prime Version              ; 20.1.1 Build 720 11/11/2020 SJ Lite Edition ;
; Revision Name                      ; LSTM_network                                ;
; Top-level Entity Name              ; fpu                                         ;
; Family                             ; Cyclone 10 LP                               ;
; Total logic elements               ; 3,062 / 6,272 ( 49 % )                      ;
;     Total combinational functions  ; 3,061 / 6,272 ( 49 % )                      ;
;     Dedicated logic registers      ; 219 / 6,272 ( 3 % )                         ;
; Total registers                    ; 219                                         ;
; Total pins                         ; 139 / 177 ( 79 % )                          ;
; Total virtual pins                 ; 0                                           ;
; Total memory bits                  ; 0 / 276,480 ( 0 % )                         ;
; Embedded Multiplier 9-bit elements ; 7 / 30 ( 23 % )                             ;
; Total PLLs                         ; 0 / 2 ( 0 % )                               ;
; Device                             ; 10CL006YU256C6G                             ;
; Timing Models                      ; Final                                       ;
+------------------------------------+---------------------------------------------+


+-----------------------------------------+
; Flow Settings                           ;
+-------------------+---------------------+
; Option            ; Setting             ;
+-------------------+---------------------+
; Start date & time ; 06/03/2024 15:55:49 ;
; Main task         ; Compilation         ;
; Revision Name     ; LSTM_network        ;
+-------------------+---------------------+


+------------------------------------------------------------------------------------------------------------------------------------------------------------------------+
; Flow Non-Default Global Settings                                                                                                                                       ;
+--------------------------------------+----------------------------------------+--------------------------------------+-------------+-----------------------------------+
; Assignment Name                      ; Value                                  ; Default Value                        ; Entity Name ; Section Id                        ;
+--------------------------------------+----------------------------------------+--------------------------------------+-------------+-----------------------------------+
; ADV_NETLIST_OPT_SYNTH_WYSIWYG_REMAP  ; On                                     ; Off                                  ; --          ; --                                ;
; AUTO_SHIFT_REGISTER_RECOGNITION      ; Always                                 ; Auto                                 ; --          ; --                                ;
; COMPILER_SIGNATURE_ID                ; 1097638987250.171742294916500          ; --                                   ; --          ; --                                ;
; EDA_DESIGN_INSTANCE_NAME             ; NA                                     ; --                                   ; --          ; fpu_test                          ;
; EDA_DESIGN_INSTANCE_NAME             ; NA                                     ; --                                   ; --          ; LSTM_test                         ;
; EDA_GENERATE_FUNCTIONAL_NETLIST      ; Off                                    ; --                                   ; --          ; eda_board_design_timing           ;
; EDA_GENERATE_FUNCTIONAL_NETLIST      ; Off                                    ; --                                   ; --          ; eda_board_design_boundary_scan    ;
; EDA_GENERATE_FUNCTIONAL_NETLIST      ; Off                                    ; --                                   ; --          ; eda_board_design_signal_integrity ;
; EDA_GENERATE_FUNCTIONAL_NETLIST      ; Off                                    ; --                                   ; --          ; eda_board_design_symbol           ;
; EDA_NATIVELINK_SIMULATION_TEST_BENCH ; fpu_test                               ; --                                   ; --          ; eda_simulation                    ;
; EDA_OUTPUT_DATA_FORMAT               ; Vhdl                                   ; --                                   ; --          ; eda_simulation                    ;
; EDA_SIMULATION_TOOL                  ; ModelSim-Altera (VHDL)                 ; <None>                               ; --          ; --                                ;
; EDA_TEST_BENCH_ENABLE_STATUS         ; TEST_BENCH_MODE                        ; --                                   ; --          ; eda_simulation                    ;
; EDA_TEST_BENCH_FILE                  ; fpu_test.vhd                           ; --                                   ; --          ; fpu_test                          ;
; EDA_TEST_BENCH_FILE                  ; in_RAM.vhd                             ; --                                   ; --          ; LSTM_test                         ;
; EDA_TEST_BENCH_FILE                  ; LSTM_test.vhd                          ; --                                   ; --          ; LSTM_test                         ;
; EDA_TEST_BENCH_MODULE_NAME           ; fpu_test                               ; --                                   ; --          ; fpu_test                          ;
; EDA_TEST_BENCH_MODULE_NAME           ; LSTM_test                              ; --                                   ; --          ; LSTM_test                         ;
; EDA_TEST_BENCH_NAME                  ; LSTM_test                              ; --                                   ; --          ; eda_simulation                    ;
; EDA_TEST_BENCH_NAME                  ; fpu_test                               ; --                                   ; --          ; eda_simulation                    ;
; EDA_TEST_BENCH_RUN_SIM_FOR           ; 1000 ns                                ; --                                   ; --          ; fpu_test                          ;
; EDA_TEST_BENCH_RUN_SIM_FOR           ; 1 ms                                   ; --                                   ; --          ; LSTM_test                         ;
; EDA_TIME_SCALE                       ; 1 ps                                   ; --                                   ; --          ; eda_simulation                    ;
; MISC_FILE                            ; LUT.cmp                                ; --                                   ; --          ; --                                ;
; PARTITION_COLOR                      ; -- (Not supported for targeted family) ; --                                   ; fpu         ; Top                               ;
; PARTITION_FITTER_PRESERVATION_LEVEL  ; -- (Not supported for targeted family) ; --                                   ; fpu         ; Top                               ;
; PARTITION_NETLIST_TYPE               ; -- (Not supported for targeted family) ; --                                   ; fpu         ; Top                               ;
; PROJECT_IP_REGENERATION_POLICY       ; ALWAYS_REGENERATE_IP                   ; SKIP_REGENERATING_IP_IF_HDL_MODIFIED ; --          ; --                                ;
; PROJECT_OUTPUT_DIRECTORY             ; output_files                           ; --                                   ; --          ; --                                ;
; ROUTER_CLOCKING_TOPOLOGY_ANALYSIS    ; On                                     ; Off                                  ; --          ; --                                ;
; TOP_LEVEL_ENTITY                     ; fpu                                    ; LSTM_network                         ; --          ; --                                ;
; VHDL_INPUT_VERSION                   ; VHDL_2008                              ; VHDL_1993                            ; --          ; --                                ;
; VHDL_SHOW_LMF_MAPPING_MESSAGES       ; Off                                    ; --                                   ; --          ; --                                ;
+--------------------------------------+----------------------------------------+--------------------------------------+-------------+-----------------------------------+


+--------------------------------------------------------------------------------------------------------------------------+
; Flow Elapsed Time                                                                                                        ;
+----------------------+--------------+-------------------------+---------------------+------------------------------------+
; Module Name          ; Elapsed Time ; Average Processors Used ; Peak Virtual Memory ; Total CPU Time (on all processors) ;
+----------------------+--------------+-------------------------+---------------------+------------------------------------+
; Analysis & Synthesis ; 00:00:16     ; 1.0                     ; 4828 MB             ; 00:00:16                           ;
; Fitter               ; 00:00:23     ; 1.1                     ; 5485 MB             ; 00:00:14                           ;
; Assembler            ; 00:00:00     ; 1.0                     ; 4691 MB             ; 00:00:00                           ;
; Timing Analyzer      ; 00:00:02     ; 1.3                     ; 4804 MB             ; 00:00:01                           ;
; EDA Netlist Writer   ; 00:00:01     ; 1.0                     ; 4653 MB             ; 00:00:00                           ;
; Total                ; 00:00:42     ; --                      ; --                  ; 00:00:31                           ;
+----------------------+--------------+-------------------------+---------------------+------------------------------------+


+------------------------------------------------------------------------------------+
; Flow OS Summary                                                                    ;
+----------------------+------------------+------------+------------+----------------+
; Module Name          ; Machine Hostname ; OS Name    ; OS Version ; Processor type ;
+----------------------+------------------+------------+------------+----------------+
; Analysis & Synthesis ; LAPTOP-OPG22R0F  ; Windows 10 ; 10.0       ; x86_64         ;
; Fitter               ; LAPTOP-OPG22R0F  ; Windows 10 ; 10.0       ; x86_64         ;
; Assembler            ; LAPTOP-OPG22R0F  ; Windows 10 ; 10.0       ; x86_64         ;
; Timing Analyzer      ; LAPTOP-OPG22R0F  ; Windows 10 ; 10.0       ; x86_64         ;
; EDA Netlist Writer   ; LAPTOP-OPG22R0F  ; Windows 10 ; 10.0       ; x86_64         ;
+----------------------+------------------+------------+------------+----------------+


------------
; Flow Log ;
------------
quartus_map --read_settings_files=on --write_settings_files=off LSTM -c LSTM_network
quartus_fit --read_settings_files=off --write_settings_files=off LSTM -c LSTM_network
quartus_asm --read_settings_files=off --write_settings_files=off LSTM -c LSTM_network
quartus_sta LSTM -c LSTM_network
quartus_eda --read_settings_files=off --write_settings_files=off LSTM -c LSTM_network



